<?xml version="1.0" encoding="UTF-8"?>
<Site BuildName="Linux-c++"
	BuildStamp="20230728-1056-Experimental"
	Name="honore"
	Generator="ctest-3.22.1"
	CompilerName="/usr/bin/c++"
	CompilerVersion="11.3.0"
	OSName="Linux"
	Hostname="honore"
	OSRelease="6.2.6-76060206-generic"
	OSVersion="#202303130630~1689015125~22.04~ab2190e SMP PREEMPT_DYNAMIC Mon J"
	OSPlatform="x86_64"
	Is64Bits="1"
	VendorString="GenuineIntel"
	VendorID="Intel Corporation"
	FamilyID="6"
	ModelID="61"
	ProcessorCacheSize="3072"
	NumberOfLogicalCPU="4"
	NumberOfPhysicalCPU="2"
	TotalVirtualMemory="7853"
	TotalPhysicalMemory="7854"
	LogicalProcessorsPerPhysical="2"
	ProcessorClockFrequency="1899.93"
	>
	<Testing>
		<StartDateTime>Jul 28 19:12 CAT</StartDateTime>
		<StartTestTime>1690564375</StartTestTime>
		<TestList/>
		<EndDateTime>Jul 28 19:12 CAT</EndDateTime>
		<EndTestTime>1690564375</EndTestTime>
		<ElapsedMinutes>0</ElapsedMinutes>
	</Testing>
</Site>
