<?xml version="1.0" encoding="UTF-8"?>
<Site BuildName="Linux-c++"
	BuildStamp="20230805-1019-Experimental"
	Name="honore"
	Generator="ctest-3.22.1"
	CompilerName="/usr/bin/c++"
	CompilerVersion="11.4.0"
	OSName="Linux"
	Hostname="honore"
	OSRelease="6.4.6-76060406-generic"
	OSVersion="#202307241739~1690928105~22.04~d567a38 SMP PREEMPT_DYNAMIC Tue A"
	OSPlatform="x86_64"
	Is64Bits="1"
	VendorString="GenuineIntel"
	VendorID="Intel Corporation"
	FamilyID="6"
	ModelID="61"
	ProcessorCacheSize="3072"
	NumberOfLogicalCPU="4"
	NumberOfPhysicalCPU="2"
	TotalVirtualMemory="7853"
	TotalPhysicalMemory="7854"
	LogicalProcessorsPerPhysical="2"
	ProcessorClockFrequency="1900.04"
	>
	<Testing>
		<StartDateTime>Aug 05 12:20 CAT</StartDateTime>
		<StartTestTime>1691230806</StartTestTime>
		<TestList/>
		<EndDateTime>Aug 05 12:20 CAT</EndDateTime>
		<EndTestTime>1691230806</EndTestTime>
		<ElapsedMinutes>0</ElapsedMinutes>
	</Testing>
</Site>
